2021-10-02 15:31:09,580 [Worker-4: Loading available Gradle versions] INFO  o.e.b.c.i.u.g.PublishedGradleVersions - Gradle version information cache is up-to-date. Trying to read.
2021-10-02 15:37:04,164 [Worker-14: Updating Maven Dependencies] INFO  o.e.m.c.i.l.LifecycleMappingFactory - Using org.maven.ide.eclipse.wtp.WarLifecycleMapping lifecycle mapping for MavenProject: com.soni:Flyaway:0.0.1-SNAPSHOT @ C:\Users\Abhinav Tiwari\OneDrive\Desktop\FlyAway-Sonii\Flyaway\pom.xml.
2021-10-02 15:37:04,164 [Worker-13: Building] INFO  o.e.m.c.i.l.LifecycleMappingFactory - Using org.maven.ide.eclipse.wtp.WarLifecycleMapping lifecycle mapping for MavenProject: com.soni:Flyaway:0.0.1-SNAPSHOT @ C:\Users\Abhinav Tiwari\OneDrive\Desktop\FlyAway-Sonii\Flyaway\pom.xml.
2021-10-02 15:37:09,704 [Worker-13: Building] WARN  o.e.m.c.i.embedder.EclipseLogger - Using platform encoding (Cp1252 actually) to copy filtered resources, i.e. build is platform dependent!
2021-10-02 15:37:09,710 [Worker-13: Building] INFO  o.e.m.c.i.embedder.EclipseLogger - skip non existing resourceDirectory C:\Users\Abhinav Tiwari\OneDrive\Desktop\FlyAway-Sonii\Flyaway\src\main\resources
2021-10-02 15:37:09,713 [Worker-13: Building] WARN  o.e.m.c.i.embedder.EclipseLogger - Using platform encoding (Cp1252 actually) to copy filtered resources, i.e. build is platform dependent!
2021-10-02 15:37:09,718 [Worker-13: Building] INFO  o.e.m.c.i.embedder.EclipseLogger - skip non existing resourceDirectory C:\Users\Abhinav Tiwari\OneDrive\Desktop\FlyAway-Sonii\Flyaway\src\test\resources
2021-10-02 15:37:13,722 [Worker-11: Updating Maven Dependencies] INFO  o.e.m.c.i.l.LifecycleMappingFactory - Using org.maven.ide.eclipse.wtp.WarLifecycleMapping lifecycle mapping for MavenProject: com.soni:Flyaway:0.0.1-SNAPSHOT @ C:\Users\Abhinav Tiwari\OneDrive\Desktop\FlyAway-Sonii\Flyaway\pom.xml.
2021-10-02 15:37:20,574 [Worker-14: Building] WARN  o.e.m.c.i.embedder.EclipseLogger - Using platform encoding (Cp1252 actually) to copy filtered resources, i.e. build is platform dependent!
2021-10-02 15:37:20,580 [Worker-14: Building] INFO  o.e.m.c.i.embedder.EclipseLogger - skip non existing resourceDirectory C:\Users\Abhinav Tiwari\OneDrive\Desktop\FlyAway-Sonii\Flyaway\src\main\resources
2021-10-02 15:37:20,583 [Worker-14: Building] WARN  o.e.m.c.i.embedder.EclipseLogger - Using platform encoding (Cp1252 actually) to copy filtered resources, i.e. build is platform dependent!
2021-10-02 15:37:20,588 [Worker-14: Building] INFO  o.e.m.c.i.embedder.EclipseLogger - skip non existing resourceDirectory C:\Users\Abhinav Tiwari\OneDrive\Desktop\FlyAway-Sonii\Flyaway\src\test\resources
2021-10-02 15:37:47,792 [Worker-16: Creating maven-archetype-webapp] INFO  o.e.m.c.i.p.ProjectConfigurationManager - Collecting project info '/pom.xml' C:\Users\Abhinav Tiwari\OneDrive\Desktop\NewFlyAway\FlyawayAbhinav\pom.xml
2021-10-02 15:37:47,939 [Worker-16: Creating maven-archetype-webapp] INFO  o.e.m.c.i.l.LifecycleMappingFactory - Using org.maven.ide.eclipse.wtp.WarLifecycleMapping lifecycle mapping for MavenProject: com.abhinav:FlyawayAbhinav:0.0.1-SNAPSHOT @ C:\Users\Abhinav Tiwari\OneDrive\Desktop\NewFlyAway\FlyawayAbhinav\pom.xml.
2021-10-02 15:37:48,069 [Worker-16: Creating maven-archetype-webapp] INFO  o.e.m.j.i.AbstractJavaProjectConfigurator - Adding source folder /FlyawayAbhinav/src/main/java
2021-10-02 15:37:48,070 [Worker-16: Creating maven-archetype-webapp] INFO  o.e.m.j.i.AbstractJavaProjectConfigurator - Adding resource folder /FlyawayAbhinav/src/main/resources
2021-10-02 15:37:48,071 [Worker-16: Creating maven-archetype-webapp] INFO  o.e.m.j.i.AbstractJavaProjectConfigurator - Adding source folder /FlyawayAbhinav/src/test/java
2021-10-02 15:37:50,796 [Worker-16: Creating maven-archetype-webapp] INFO  o.e.m.c.i.p.ProjectConfigurationManager - Imported and configured 1 project(s) in 3 sec
2021-10-02 15:37:51,498 [Worker-12: Building] WARN  o.e.m.c.i.embedder.EclipseLogger - Using platform encoding (Cp1252 actually) to copy filtered resources, i.e. build is platform dependent!
2021-10-02 15:37:51,569 [Worker-12: Building] INFO  o.e.m.c.i.embedder.EclipseLogger - Copying 0 resource
2021-10-02 15:37:51,571 [Worker-12: Building] WARN  o.e.m.c.i.embedder.EclipseLogger - Using platform encoding (Cp1252 actually) to copy filtered resources, i.e. build is platform dependent!
2021-10-02 15:37:51,573 [Worker-12: Building] INFO  o.e.m.c.i.embedder.EclipseLogger - skip non existing resourceDirectory C:\Users\Abhinav Tiwari\OneDrive\Desktop\NewFlyAway\FlyawayAbhinav\src\test\resources
2021-10-02 15:54:29,728 [Worker-13: Building] WARN  o.e.m.c.i.embedder.EclipseLogger - Using platform encoding (Cp1252 actually) to copy filtered resources, i.e. build is platform dependent!
2021-10-02 15:54:29,918 [Worker-13: Building] INFO  o.e.m.c.i.embedder.EclipseLogger - Copying 0 resource
2021-10-02 15:54:29,921 [Worker-13: Building] WARN  o.e.m.c.i.embedder.EclipseLogger - Using platform encoding (Cp1252 actually) to copy filtered resources, i.e. build is platform dependent!
2021-10-02 15:54:29,932 [Worker-13: Building] INFO  o.e.m.c.i.embedder.EclipseLogger - skip non existing resourceDirectory C:\Users\Abhinav Tiwari\OneDrive\Desktop\NewFlyAway\FlyawayAbhinav\src\test\resources
2021-10-02 15:54:39,744 [Worker-0: Building] WARN  o.e.m.c.i.embedder.EclipseLogger - Using platform encoding (Cp1252 actually) to copy filtered resources, i.e. build is platform dependent!
2021-10-02 15:54:39,752 [Worker-0: Building] INFO  o.e.m.c.i.embedder.EclipseLogger - Copying 0 resource
2021-10-02 15:54:39,754 [Worker-0: Building] WARN  o.e.m.c.i.embedder.EclipseLogger - Using platform encoding (Cp1252 actually) to copy filtered resources, i.e. build is platform dependent!
2021-10-02 15:54:39,761 [Worker-0: Building] INFO  o.e.m.c.i.embedder.EclipseLogger - skip non existing resourceDirectory C:\Users\Abhinav Tiwari\OneDrive\Desktop\NewFlyAway\FlyawayAbhinav\src\test\resources
2021-10-02 15:58:43,948 [Worker-22: Building] WARN  o.e.m.c.i.embedder.EclipseLogger - Using platform encoding (Cp1252 actually) to copy filtered resources, i.e. build is platform dependent!
2021-10-02 15:58:43,957 [Worker-22: Building] INFO  o.e.m.c.i.embedder.EclipseLogger - Copying 0 resource
2021-10-02 15:58:43,959 [Worker-22: Building] WARN  o.e.m.c.i.embedder.EclipseLogger - Using platform encoding (Cp1252 actually) to copy filtered resources, i.e. build is platform dependent!
2021-10-02 15:58:43,967 [Worker-22: Building] INFO  o.e.m.c.i.embedder.EclipseLogger - skip non existing resourceDirectory C:\Users\Abhinav Tiwari\OneDrive\Desktop\NewFlyAway\FlyawayAbhinav\src\test\resources
2021-10-02 15:58:58,108 [Worker-22: Building] WARN  o.e.m.c.i.embedder.EclipseLogger - Using platform encoding (Cp1252 actually) to copy filtered resources, i.e. build is platform dependent!
2021-10-02 15:58:58,114 [Worker-22: Building] INFO  o.e.m.c.i.embedder.EclipseLogger - Copying 0 resource
2021-10-02 15:58:58,116 [Worker-22: Building] WARN  o.e.m.c.i.embedder.EclipseLogger - Using platform encoding (Cp1252 actually) to copy filtered resources, i.e. build is platform dependent!
2021-10-02 15:58:58,124 [Worker-22: Building] INFO  o.e.m.c.i.embedder.EclipseLogger - skip non existing resourceDirectory C:\Users\Abhinav Tiwari\OneDrive\Desktop\NewFlyAway\FlyawayAbhinav\src\test\resources
2021-10-02 15:59:04,423 [Worker-26: Building] WARN  o.e.m.c.i.embedder.EclipseLogger - Using platform encoding (Cp1252 actually) to copy filtered resources, i.e. build is platform dependent!
2021-10-02 15:59:04,436 [Worker-26: Building] INFO  o.e.m.c.i.embedder.EclipseLogger - Copying 0 resource
2021-10-02 15:59:04,439 [Worker-26: Building] WARN  o.e.m.c.i.embedder.EclipseLogger - Using platform encoding (Cp1252 actually) to copy filtered resources, i.e. build is platform dependent!
2021-10-02 15:59:04,454 [Worker-26: Building] INFO  o.e.m.c.i.embedder.EclipseLogger - skip non existing resourceDirectory C:\Users\Abhinav Tiwari\OneDrive\Desktop\NewFlyAway\FlyawayAbhinav\src\test\resources
2021-10-02 15:59:08,961 [Worker-25: Building] WARN  o.e.m.c.i.embedder.EclipseLogger - Using platform encoding (Cp1252 actually) to copy filtered resources, i.e. build is platform dependent!
2021-10-02 15:59:08,975 [Worker-25: Building] INFO  o.e.m.c.i.embedder.EclipseLogger - Copying 0 resource
2021-10-02 15:59:08,978 [Worker-25: Building] WARN  o.e.m.c.i.embedder.EclipseLogger - Using platform encoding (Cp1252 actually) to copy filtered resources, i.e. build is platform dependent!
2021-10-02 15:59:08,985 [Worker-25: Building] INFO  o.e.m.c.i.embedder.EclipseLogger - skip non existing resourceDirectory C:\Users\Abhinav Tiwari\OneDrive\Desktop\NewFlyAway\FlyawayAbhinav\src\test\resources
2021-10-02 15:59:21,936 [Worker-21: Building] WARN  o.e.m.c.i.embedder.EclipseLogger - Using platform encoding (Cp1252 actually) to copy filtered resources, i.e. build is platform dependent!
2021-10-02 15:59:21,949 [Worker-21: Building] INFO  o.e.m.c.i.embedder.EclipseLogger - Copying 0 resource
2021-10-02 15:59:21,951 [Worker-21: Building] WARN  o.e.m.c.i.embedder.EclipseLogger - Using platform encoding (Cp1252 actually) to copy filtered resources, i.e. build is platform dependent!
2021-10-02 15:59:21,968 [Worker-21: Building] INFO  o.e.m.c.i.embedder.EclipseLogger - skip non existing resourceDirectory C:\Users\Abhinav Tiwari\OneDrive\Desktop\NewFlyAway\FlyawayAbhinav\src\test\resources
2021-10-02 15:59:26,139 [Worker-26: Building] WARN  o.e.m.c.i.embedder.EclipseLogger - Using platform encoding (Cp1252 actually) to copy filtered resources, i.e. build is platform dependent!
2021-10-02 15:59:26,154 [Worker-26: Building] INFO  o.e.m.c.i.embedder.EclipseLogger - Copying 0 resource
2021-10-02 15:59:26,156 [Worker-26: Building] WARN  o.e.m.c.i.embedder.EclipseLogger - Using platform encoding (Cp1252 actually) to copy filtered resources, i.e. build is platform dependent!
2021-10-02 15:59:26,164 [Worker-26: Building] INFO  o.e.m.c.i.embedder.EclipseLogger - skip non existing resourceDirectory C:\Users\Abhinav Tiwari\OneDrive\Desktop\NewFlyAway\FlyawayAbhinav\src\test\resources
2021-10-02 16:00:07,432 [Worker-22: Building] WARN  o.e.m.c.i.embedder.EclipseLogger - Using platform encoding (Cp1252 actually) to copy filtered resources, i.e. build is platform dependent!
2021-10-02 16:00:07,444 [Worker-22: Building] INFO  o.e.m.c.i.embedder.EclipseLogger - Copying 0 resource
2021-10-02 16:00:07,446 [Worker-22: Building] WARN  o.e.m.c.i.embedder.EclipseLogger - Using platform encoding (Cp1252 actually) to copy filtered resources, i.e. build is platform dependent!
2021-10-02 16:00:07,455 [Worker-22: Building] INFO  o.e.m.c.i.embedder.EclipseLogger - skip non existing resourceDirectory C:\Users\Abhinav Tiwari\OneDrive\Desktop\NewFlyAway\FlyawayAbhinav\src\test\resources
2021-10-02 16:00:16,440 [Worker-24: Building] WARN  o.e.m.c.i.embedder.EclipseLogger - Using platform encoding (Cp1252 actually) to copy filtered resources, i.e. build is platform dependent!
2021-10-02 16:00:16,452 [Worker-24: Building] INFO  o.e.m.c.i.embedder.EclipseLogger - Copying 0 resource
2021-10-02 16:00:16,455 [Worker-24: Building] WARN  o.e.m.c.i.embedder.EclipseLogger - Using platform encoding (Cp1252 actually) to copy filtered resources, i.e. build is platform dependent!
2021-10-02 16:00:16,462 [Worker-24: Building] INFO  o.e.m.c.i.embedder.EclipseLogger - skip non existing resourceDirectory C:\Users\Abhinav Tiwari\OneDrive\Desktop\NewFlyAway\FlyawayAbhinav\src\test\resources
2021-10-02 16:00:40,659 [Worker-22: Building] WARN  o.e.m.c.i.embedder.EclipseLogger - Using platform encoding (Cp1252 actually) to copy filtered resources, i.e. build is platform dependent!
2021-10-02 16:00:40,665 [Worker-22: Building] INFO  o.e.m.c.i.embedder.EclipseLogger - Copying 0 resource
2021-10-02 16:00:40,667 [Worker-22: Building] WARN  o.e.m.c.i.embedder.EclipseLogger - Using platform encoding (Cp1252 actually) to copy filtered resources, i.e. build is platform dependent!
2021-10-02 16:00:40,676 [Worker-22: Building] INFO  o.e.m.c.i.embedder.EclipseLogger - skip non existing resourceDirectory C:\Users\Abhinav Tiwari\OneDrive\Desktop\NewFlyAway\FlyawayAbhinav\src\test\resources
2021-10-02 16:00:59,200 [Worker-20: Building] WARN  o.e.m.c.i.embedder.EclipseLogger - Using platform encoding (Cp1252 actually) to copy filtered resources, i.e. build is platform dependent!
2021-10-02 16:00:59,207 [Worker-20: Building] INFO  o.e.m.c.i.embedder.EclipseLogger - Copying 0 resource
2021-10-02 16:00:59,208 [Worker-20: Building] WARN  o.e.m.c.i.embedder.EclipseLogger - Using platform encoding (Cp1252 actually) to copy filtered resources, i.e. build is platform dependent!
2021-10-02 16:00:59,216 [Worker-20: Building] INFO  o.e.m.c.i.embedder.EclipseLogger - skip non existing resourceDirectory C:\Users\Abhinav Tiwari\OneDrive\Desktop\NewFlyAway\FlyawayAbhinav\src\test\resources
2021-10-02 16:01:10,722 [Worker-23: Building] WARN  o.e.m.c.i.embedder.EclipseLogger - Using platform encoding (Cp1252 actually) to copy filtered resources, i.e. build is platform dependent!
2021-10-02 16:01:10,732 [Worker-23: Building] INFO  o.e.m.c.i.embedder.EclipseLogger - Copying 0 resource
2021-10-02 16:01:10,734 [Worker-23: Building] WARN  o.e.m.c.i.embedder.EclipseLogger - Using platform encoding (Cp1252 actually) to copy filtered resources, i.e. build is platform dependent!
2021-10-02 16:01:10,743 [Worker-23: Building] INFO  o.e.m.c.i.embedder.EclipseLogger - skip non existing resourceDirectory C:\Users\Abhinav Tiwari\OneDrive\Desktop\NewFlyAway\FlyawayAbhinav\src\test\resources
2021-10-02 16:01:21,770 [Worker-21: Building] WARN  o.e.m.c.i.embedder.EclipseLogger - Using platform encoding (Cp1252 actually) to copy filtered resources, i.e. build is platform dependent!
2021-10-02 16:01:21,777 [Worker-21: Building] INFO  o.e.m.c.i.embedder.EclipseLogger - Copying 0 resource
2021-10-02 16:01:21,780 [Worker-21: Building] WARN  o.e.m.c.i.embedder.EclipseLogger - Using platform encoding (Cp1252 actually) to copy filtered resources, i.e. build is platform dependent!
2021-10-02 16:01:21,788 [Worker-21: Building] INFO  o.e.m.c.i.embedder.EclipseLogger - skip non existing resourceDirectory C:\Users\Abhinav Tiwari\OneDrive\Desktop\NewFlyAway\FlyawayAbhinav\src\test\resources
2021-10-02 16:04:44,440 [Worker-20: Building] WARN  o.e.m.c.i.embedder.EclipseLogger - Using platform encoding (Cp1252 actually) to copy filtered resources, i.e. build is platform dependent!
2021-10-02 16:04:44,451 [Worker-20: Building] INFO  o.e.m.c.i.embedder.EclipseLogger - Copying 0 resource
2021-10-02 16:04:44,455 [Worker-20: Building] WARN  o.e.m.c.i.embedder.EclipseLogger - Using platform encoding (Cp1252 actually) to copy filtered resources, i.e. build is platform dependent!
2021-10-02 16:04:44,467 [Worker-20: Building] INFO  o.e.m.c.i.embedder.EclipseLogger - skip non existing resourceDirectory C:\Users\Abhinav Tiwari\OneDrive\Desktop\NewFlyAway\FlyawayAbhinav\src\test\resources
2021-10-02 16:05:03,686 [Worker-27: Building] WARN  o.e.m.c.i.embedder.EclipseLogger - Using platform encoding (Cp1252 actually) to copy filtered resources, i.e. build is platform dependent!
2021-10-02 16:05:03,696 [Worker-27: Building] INFO  o.e.m.c.i.embedder.EclipseLogger - skip non existing resourceDirectory C:\Users\Abhinav Tiwari\OneDrive\Desktop\NewFlyAway\FlyawayAbhinav\src\main\resources
2021-10-02 16:05:03,698 [Worker-27: Building] WARN  o.e.m.c.i.embedder.EclipseLogger - Using platform encoding (Cp1252 actually) to copy filtered resources, i.e. build is platform dependent!
2021-10-02 16:05:03,705 [Worker-27: Building] INFO  o.e.m.c.i.embedder.EclipseLogger - skip non existing resourceDirectory C:\Users\Abhinav Tiwari\OneDrive\Desktop\NewFlyAway\FlyawayAbhinav\src\test\resources
2021-10-02 16:07:46,142 [Worker-27: Building] WARN  o.e.m.c.i.embedder.EclipseLogger - Using platform encoding (Cp1252 actually) to copy filtered resources, i.e. build is platform dependent!
2021-10-02 16:07:46,156 [Worker-27: Building] INFO  o.e.m.c.i.embedder.EclipseLogger - skip non existing resourceDirectory C:\Users\Abhinav Tiwari\OneDrive\Desktop\NewFlyAway\FlyawayAbhinav\src\main\resources
2021-10-02 16:07:46,160 [Worker-27: Building] WARN  o.e.m.c.i.embedder.EclipseLogger - Using platform encoding (Cp1252 actually) to copy filtered resources, i.e. build is platform dependent!
2021-10-02 16:07:46,214 [Worker-27: Building] INFO  o.e.m.c.i.embedder.EclipseLogger - skip non existing resourceDirectory C:\Users\Abhinav Tiwari\OneDrive\Desktop\NewFlyAway\FlyawayAbhinav\src\test\resources
2021-10-02 16:07:48,306 [Worker-28: Building] WARN  o.e.m.c.i.embedder.EclipseLogger - Using platform encoding (Cp1252 actually) to copy filtered resources, i.e. build is platform dependent!
2021-10-02 16:07:48,321 [Worker-28: Building] INFO  o.e.m.c.i.embedder.EclipseLogger - skip non existing resourceDirectory C:\Users\Abhinav Tiwari\OneDrive\Desktop\FlyAway-Sonii\Flyaway\src\main\resources
2021-10-02 16:07:48,323 [Worker-28: Building] WARN  o.e.m.c.i.embedder.EclipseLogger - Using platform encoding (Cp1252 actually) to copy filtered resources, i.e. build is platform dependent!
2021-10-02 16:07:48,338 [Worker-28: Building] INFO  o.e.m.c.i.embedder.EclipseLogger - skip non existing resourceDirectory C:\Users\Abhinav Tiwari\OneDrive\Desktop\FlyAway-Sonii\Flyaway\src\test\resources
2021-10-02 16:07:48,348 [Worker-28: Building] WARN  o.e.m.c.i.embedder.EclipseLogger - Using platform encoding (Cp1252 actually) to copy filtered resources, i.e. build is platform dependent!
2021-10-02 16:07:48,368 [Worker-28: Building] INFO  o.e.m.c.i.embedder.EclipseLogger - skip non existing resourceDirectory C:\Users\Abhinav Tiwari\OneDrive\Desktop\NewFlyAway\FlyawayAbhinav\src\main\resources
2021-10-02 16:07:48,370 [Worker-28: Building] WARN  o.e.m.c.i.embedder.EclipseLogger - Using platform encoding (Cp1252 actually) to copy filtered resources, i.e. build is platform dependent!
2021-10-02 16:07:48,405 [Worker-28: Building] INFO  o.e.m.c.i.embedder.EclipseLogger - skip non existing resourceDirectory C:\Users\Abhinav Tiwari\OneDrive\Desktop\NewFlyAway\FlyawayAbhinav\src\test\resources
2021-10-02 16:08:23,291 [Worker-23: Building] WARN  o.e.m.c.i.embedder.EclipseLogger - Using platform encoding (Cp1252 actually) to copy filtered resources, i.e. build is platform dependent!
2021-10-02 16:08:23,302 [Worker-23: Building] INFO  o.e.m.c.i.embedder.EclipseLogger - skip non existing resourceDirectory C:\Users\Abhinav Tiwari\OneDrive\Desktop\NewFlyAway\FlyawayAbhinav\src\main\resources
2021-10-02 16:08:23,304 [Worker-23: Building] WARN  o.e.m.c.i.embedder.EclipseLogger - Using platform encoding (Cp1252 actually) to copy filtered resources, i.e. build is platform dependent!
2021-10-02 16:08:23,314 [Worker-23: Building] INFO  o.e.m.c.i.embedder.EclipseLogger - skip non existing resourceDirectory C:\Users\Abhinav Tiwari\OneDrive\Desktop\NewFlyAway\FlyawayAbhinav\src\test\resources
2021-10-02 16:08:47,008 [Worker-28: Building] WARN  o.e.m.c.i.embedder.EclipseLogger - Using platform encoding (Cp1252 actually) to copy filtered resources, i.e. build is platform dependent!
2021-10-02 16:08:47,012 [Worker-28: Building] INFO  o.e.m.c.i.embedder.EclipseLogger - skip non existing resourceDirectory C:\Users\Abhinav Tiwari\OneDrive\Desktop\NewFlyAway\FlyawayAbhinav\src\main\resources
2021-10-02 16:08:47,013 [Worker-28: Building] WARN  o.e.m.c.i.embedder.EclipseLogger - Using platform encoding (Cp1252 actually) to copy filtered resources, i.e. build is platform dependent!
2021-10-02 16:08:47,016 [Worker-28: Building] INFO  o.e.m.c.i.embedder.EclipseLogger - skip non existing resourceDirectory C:\Users\Abhinav Tiwari\OneDrive\Desktop\NewFlyAway\FlyawayAbhinav\src\test\resources
2021-10-02 16:09:02,360 [Worker-20: Building] WARN  o.e.m.c.i.embedder.EclipseLogger - Using platform encoding (Cp1252 actually) to copy filtered resources, i.e. build is platform dependent!
2021-10-02 16:09:02,377 [Worker-20: Building] INFO  o.e.m.c.i.embedder.EclipseLogger - skip non existing resourceDirectory C:\Users\Abhinav Tiwari\OneDrive\Desktop\NewFlyAway\FlyawayAbhinav\src\main\resources
2021-10-02 16:09:02,379 [Worker-20: Building] WARN  o.e.m.c.i.embedder.EclipseLogger - Using platform encoding (Cp1252 actually) to copy filtered resources, i.e. build is platform dependent!
2021-10-02 16:09:02,391 [Worker-20: Building] INFO  o.e.m.c.i.embedder.EclipseLogger - skip non existing resourceDirectory C:\Users\Abhinav Tiwari\OneDrive\Desktop\NewFlyAway\FlyawayAbhinav\src\test\resources
2021-10-02 16:09:17,061 [Worker-27: Building] WARN  o.e.m.c.i.embedder.EclipseLogger - Using platform encoding (Cp1252 actually) to copy filtered resources, i.e. build is platform dependent!
2021-10-02 16:09:17,080 [Worker-27: Building] INFO  o.e.m.c.i.embedder.EclipseLogger - skip non existing resourceDirectory C:\Users\Abhinav Tiwari\OneDrive\Desktop\NewFlyAway\FlyawayAbhinav\src\main\resources
2021-10-02 16:09:17,083 [Worker-27: Building] WARN  o.e.m.c.i.embedder.EclipseLogger - Using platform encoding (Cp1252 actually) to copy filtered resources, i.e. build is platform dependent!
2021-10-02 16:09:17,093 [Worker-27: Building] INFO  o.e.m.c.i.embedder.EclipseLogger - skip non existing resourceDirectory C:\Users\Abhinav Tiwari\OneDrive\Desktop\NewFlyAway\FlyawayAbhinav\src\test\resources
2021-10-02 16:09:27,397 [Worker-29: Building] WARN  o.e.m.c.i.embedder.EclipseLogger - Using platform encoding (Cp1252 actually) to copy filtered resources, i.e. build is platform dependent!
2021-10-02 16:09:27,406 [Worker-29: Building] INFO  o.e.m.c.i.embedder.EclipseLogger - skip non existing resourceDirectory C:\Users\Abhinav Tiwari\OneDrive\Desktop\NewFlyAway\FlyawayAbhinav\src\main\resources
2021-10-02 16:09:27,408 [Worker-29: Building] WARN  o.e.m.c.i.embedder.EclipseLogger - Using platform encoding (Cp1252 actually) to copy filtered resources, i.e. build is platform dependent!
2021-10-02 16:09:27,416 [Worker-29: Building] INFO  o.e.m.c.i.embedder.EclipseLogger - skip non existing resourceDirectory C:\Users\Abhinav Tiwari\OneDrive\Desktop\NewFlyAway\FlyawayAbhinav\src\test\resources
2021-10-02 16:09:50,980 [Worker-29: Building] WARN  o.e.m.c.i.embedder.EclipseLogger - Using platform encoding (Cp1252 actually) to copy filtered resources, i.e. build is platform dependent!
2021-10-02 16:09:50,984 [Worker-29: Building] INFO  o.e.m.c.i.embedder.EclipseLogger - skip non existing resourceDirectory C:\Users\Abhinav Tiwari\OneDrive\Desktop\NewFlyAway\FlyawayAbhinav\src\main\resources
2021-10-02 16:09:50,988 [Worker-29: Building] WARN  o.e.m.c.i.embedder.EclipseLogger - Using platform encoding (Cp1252 actually) to copy filtered resources, i.e. build is platform dependent!
2021-10-02 16:09:50,989 [Worker-29: Building] INFO  o.e.m.c.i.embedder.EclipseLogger - skip non existing resourceDirectory C:\Users\Abhinav Tiwari\OneDrive\Desktop\NewFlyAway\FlyawayAbhinav\src\test\resources
2021-10-02 16:10:02,118 [Worker-27: Building] WARN  o.e.m.c.i.embedder.EclipseLogger - Using platform encoding (Cp1252 actually) to copy filtered resources, i.e. build is platform dependent!
2021-10-02 16:10:02,119 [Worker-27: Building] INFO  o.e.m.c.i.embedder.EclipseLogger - skip non existing resourceDirectory C:\Users\Abhinav Tiwari\OneDrive\Desktop\NewFlyAway\FlyawayAbhinav\src\main\resources
2021-10-02 16:10:02,121 [Worker-27: Building] WARN  o.e.m.c.i.embedder.EclipseLogger - Using platform encoding (Cp1252 actually) to copy filtered resources, i.e. build is platform dependent!
2021-10-02 16:10:02,123 [Worker-27: Building] INFO  o.e.m.c.i.embedder.EclipseLogger - skip non existing resourceDirectory C:\Users\Abhinav Tiwari\OneDrive\Desktop\NewFlyAway\FlyawayAbhinav\src\test\resources
2021-10-02 16:10:33,838 [Worker-23: Building] WARN  o.e.m.c.i.embedder.EclipseLogger - Using platform encoding (Cp1252 actually) to copy filtered resources, i.e. build is platform dependent!
2021-10-02 16:10:33,840 [Worker-23: Building] INFO  o.e.m.c.i.embedder.EclipseLogger - skip non existing resourceDirectory C:\Users\Abhinav Tiwari\OneDrive\Desktop\NewFlyAway\FlyawayAbhinav\src\main\resources
2021-10-02 16:10:33,842 [Worker-23: Building] WARN  o.e.m.c.i.embedder.EclipseLogger - Using platform encoding (Cp1252 actually) to copy filtered resources, i.e. build is platform dependent!
2021-10-02 16:10:33,844 [Worker-23: Building] INFO  o.e.m.c.i.embedder.EclipseLogger - skip non existing resourceDirectory C:\Users\Abhinav Tiwari\OneDrive\Desktop\NewFlyAway\FlyawayAbhinav\src\test\resources
2021-10-02 16:10:42,752 [Worker-23: Building] WARN  o.e.m.c.i.embedder.EclipseLogger - Using platform encoding (Cp1252 actually) to copy filtered resources, i.e. build is platform dependent!
2021-10-02 16:10:42,753 [Worker-23: Building] INFO  o.e.m.c.i.embedder.EclipseLogger - skip non existing resourceDirectory C:\Users\Abhinav Tiwari\OneDrive\Desktop\NewFlyAway\FlyawayAbhinav\src\main\resources
2021-10-02 16:10:42,755 [Worker-23: Building] WARN  o.e.m.c.i.embedder.EclipseLogger - Using platform encoding (Cp1252 actually) to copy filtered resources, i.e. build is platform dependent!
2021-10-02 16:10:42,755 [Worker-23: Building] INFO  o.e.m.c.i.embedder.EclipseLogger - skip non existing resourceDirectory C:\Users\Abhinav Tiwari\OneDrive\Desktop\NewFlyAway\FlyawayAbhinav\src\test\resources
2021-10-02 16:10:58,679 [Worker-27: Building] WARN  o.e.m.c.i.embedder.EclipseLogger - Using platform encoding (Cp1252 actually) to copy filtered resources, i.e. build is platform dependent!
2021-10-02 16:10:58,681 [Worker-27: Building] INFO  o.e.m.c.i.embedder.EclipseLogger - skip non existing resourceDirectory C:\Users\Abhinav Tiwari\OneDrive\Desktop\NewFlyAway\FlyawayAbhinav\src\main\resources
2021-10-02 16:10:58,683 [Worker-27: Building] WARN  o.e.m.c.i.embedder.EclipseLogger - Using platform encoding (Cp1252 actually) to copy filtered resources, i.e. build is platform dependent!
2021-10-02 16:10:58,684 [Worker-27: Building] INFO  o.e.m.c.i.embedder.EclipseLogger - skip non existing resourceDirectory C:\Users\Abhinav Tiwari\OneDrive\Desktop\NewFlyAway\FlyawayAbhinav\src\test\resources
2021-10-02 16:11:11,482 [Worker-27: Building] WARN  o.e.m.c.i.embedder.EclipseLogger - Using platform encoding (Cp1252 actually) to copy filtered resources, i.e. build is platform dependent!
2021-10-02 16:11:11,483 [Worker-27: Building] INFO  o.e.m.c.i.embedder.EclipseLogger - skip non existing resourceDirectory C:\Users\Abhinav Tiwari\OneDrive\Desktop\NewFlyAway\FlyawayAbhinav\src\main\resources
2021-10-02 16:11:11,485 [Worker-27: Building] WARN  o.e.m.c.i.embedder.EclipseLogger - Using platform encoding (Cp1252 actually) to copy filtered resources, i.e. build is platform dependent!
2021-10-02 16:11:11,486 [Worker-27: Building] INFO  o.e.m.c.i.embedder.EclipseLogger - skip non existing resourceDirectory C:\Users\Abhinav Tiwari\OneDrive\Desktop\NewFlyAway\FlyawayAbhinav\src\test\resources
2021-10-02 16:11:36,066 [Worker-20: Building] WARN  o.e.m.c.i.embedder.EclipseLogger - Using platform encoding (Cp1252 actually) to copy filtered resources, i.e. build is platform dependent!
2021-10-02 16:11:36,068 [Worker-20: Building] INFO  o.e.m.c.i.embedder.EclipseLogger - skip non existing resourceDirectory C:\Users\Abhinav Tiwari\OneDrive\Desktop\NewFlyAway\FlyawayAbhinav\src\main\resources
2021-10-02 16:11:36,069 [Worker-20: Building] WARN  o.e.m.c.i.embedder.EclipseLogger - Using platform encoding (Cp1252 actually) to copy filtered resources, i.e. build is platform dependent!
2021-10-02 16:11:36,070 [Worker-20: Building] INFO  o.e.m.c.i.embedder.EclipseLogger - skip non existing resourceDirectory C:\Users\Abhinav Tiwari\OneDrive\Desktop\NewFlyAway\FlyawayAbhinav\src\test\resources
2021-10-02 16:11:58,722 [Worker-29: Building] WARN  o.e.m.c.i.embedder.EclipseLogger - Using platform encoding (Cp1252 actually) to copy filtered resources, i.e. build is platform dependent!
2021-10-02 16:11:58,725 [Worker-29: Building] INFO  o.e.m.c.i.embedder.EclipseLogger - skip non existing resourceDirectory C:\Users\Abhinav Tiwari\OneDrive\Desktop\NewFlyAway\FlyawayAbhinav\src\main\resources
2021-10-02 16:11:58,726 [Worker-29: Building] WARN  o.e.m.c.i.embedder.EclipseLogger - Using platform encoding (Cp1252 actually) to copy filtered resources, i.e. build is platform dependent!
2021-10-02 16:11:58,727 [Worker-29: Building] INFO  o.e.m.c.i.embedder.EclipseLogger - skip non existing resourceDirectory C:\Users\Abhinav Tiwari\OneDrive\Desktop\NewFlyAway\FlyawayAbhinav\src\test\resources
2021-10-02 16:12:07,546 [Worker-29: Building] WARN  o.e.m.c.i.embedder.EclipseLogger - Using platform encoding (Cp1252 actually) to copy filtered resources, i.e. build is platform dependent!
2021-10-02 16:12:07,547 [Worker-29: Building] INFO  o.e.m.c.i.embedder.EclipseLogger - skip non existing resourceDirectory C:\Users\Abhinav Tiwari\OneDrive\Desktop\NewFlyAway\FlyawayAbhinav\src\main\resources
2021-10-02 16:12:07,549 [Worker-29: Building] WARN  o.e.m.c.i.embedder.EclipseLogger - Using platform encoding (Cp1252 actually) to copy filtered resources, i.e. build is platform dependent!
2021-10-02 16:12:07,549 [Worker-29: Building] INFO  o.e.m.c.i.embedder.EclipseLogger - skip non existing resourceDirectory C:\Users\Abhinav Tiwari\OneDrive\Desktop\NewFlyAway\FlyawayAbhinav\src\test\resources
2021-10-02 16:12:21,412 [Worker-23: Building] WARN  o.e.m.c.i.embedder.EclipseLogger - Using platform encoding (Cp1252 actually) to copy filtered resources, i.e. build is platform dependent!
2021-10-02 16:12:21,414 [Worker-23: Building] INFO  o.e.m.c.i.embedder.EclipseLogger - skip non existing resourceDirectory C:\Users\Abhinav Tiwari\OneDrive\Desktop\NewFlyAway\FlyawayAbhinav\src\main\resources
2021-10-02 16:12:21,415 [Worker-23: Building] WARN  o.e.m.c.i.embedder.EclipseLogger - Using platform encoding (Cp1252 actually) to copy filtered resources, i.e. build is platform dependent!
2021-10-02 16:12:21,418 [Worker-23: Building] INFO  o.e.m.c.i.embedder.EclipseLogger - skip non existing resourceDirectory C:\Users\Abhinav Tiwari\OneDrive\Desktop\NewFlyAway\FlyawayAbhinav\src\test\resources
2021-10-02 16:12:34,274 [Worker-28: Building] WARN  o.e.m.c.i.embedder.EclipseLogger - Using platform encoding (Cp1252 actually) to copy filtered resources, i.e. build is platform dependent!
2021-10-02 16:12:34,275 [Worker-28: Building] INFO  o.e.m.c.i.embedder.EclipseLogger - skip non existing resourceDirectory C:\Users\Abhinav Tiwari\OneDrive\Desktop\NewFlyAway\FlyawayAbhinav\src\main\resources
2021-10-02 16:12:34,277 [Worker-28: Building] WARN  o.e.m.c.i.embedder.EclipseLogger - Using platform encoding (Cp1252 actually) to copy filtered resources, i.e. build is platform dependent!
2021-10-02 16:12:34,278 [Worker-28: Building] INFO  o.e.m.c.i.embedder.EclipseLogger - skip non existing resourceDirectory C:\Users\Abhinav Tiwari\OneDrive\Desktop\NewFlyAway\FlyawayAbhinav\src\test\resources
2021-10-02 16:12:50,159 [Worker-29: Building] WARN  o.e.m.c.i.embedder.EclipseLogger - Using platform encoding (Cp1252 actually) to copy filtered resources, i.e. build is platform dependent!
2021-10-02 16:12:50,160 [Worker-29: Building] INFO  o.e.m.c.i.embedder.EclipseLogger - skip non existing resourceDirectory C:\Users\Abhinav Tiwari\OneDrive\Desktop\NewFlyAway\FlyawayAbhinav\src\main\resources
2021-10-02 16:12:50,165 [Worker-29: Building] WARN  o.e.m.c.i.embedder.EclipseLogger - Using platform encoding (Cp1252 actually) to copy filtered resources, i.e. build is platform dependent!
2021-10-02 16:12:50,167 [Worker-29: Building] INFO  o.e.m.c.i.embedder.EclipseLogger - skip non existing resourceDirectory C:\Users\Abhinav Tiwari\OneDrive\Desktop\NewFlyAway\FlyawayAbhinav\src\test\resources
2021-10-02 16:13:00,268 [Worker-23: Building] WARN  o.e.m.c.i.embedder.EclipseLogger - Using platform encoding (Cp1252 actually) to copy filtered resources, i.e. build is platform dependent!
2021-10-02 16:13:00,270 [Worker-23: Building] INFO  o.e.m.c.i.embedder.EclipseLogger - skip non existing resourceDirectory C:\Users\Abhinav Tiwari\OneDrive\Desktop\NewFlyAway\FlyawayAbhinav\src\main\resources
2021-10-02 16:13:00,271 [Worker-23: Building] WARN  o.e.m.c.i.embedder.EclipseLogger - Using platform encoding (Cp1252 actually) to copy filtered resources, i.e. build is platform dependent!
2021-10-02 16:13:00,273 [Worker-23: Building] INFO  o.e.m.c.i.embedder.EclipseLogger - skip non existing resourceDirectory C:\Users\Abhinav Tiwari\OneDrive\Desktop\NewFlyAway\FlyawayAbhinav\src\test\resources
2021-10-02 16:13:16,116 [Worker-28: Building] WARN  o.e.m.c.i.embedder.EclipseLogger - Using platform encoding (Cp1252 actually) to copy filtered resources, i.e. build is platform dependent!
2021-10-02 16:13:16,118 [Worker-28: Building] INFO  o.e.m.c.i.embedder.EclipseLogger - skip non existing resourceDirectory C:\Users\Abhinav Tiwari\OneDrive\Desktop\NewFlyAway\FlyawayAbhinav\src\main\resources
2021-10-02 16:13:16,120 [Worker-28: Building] WARN  o.e.m.c.i.embedder.EclipseLogger - Using platform encoding (Cp1252 actually) to copy filtered resources, i.e. build is platform dependent!
2021-10-02 16:13:16,123 [Worker-28: Building] INFO  o.e.m.c.i.embedder.EclipseLogger - skip non existing resourceDirectory C:\Users\Abhinav Tiwari\OneDrive\Desktop\NewFlyAway\FlyawayAbhinav\src\test\resources
2021-10-02 16:13:26,937 [Worker-23: Building] WARN  o.e.m.c.i.embedder.EclipseLogger - Using platform encoding (Cp1252 actually) to copy filtered resources, i.e. build is platform dependent!
2021-10-02 16:13:26,939 [Worker-23: Building] INFO  o.e.m.c.i.embedder.EclipseLogger - skip non existing resourceDirectory C:\Users\Abhinav Tiwari\OneDrive\Desktop\NewFlyAway\FlyawayAbhinav\src\main\resources
2021-10-02 16:13:26,940 [Worker-23: Building] WARN  o.e.m.c.i.embedder.EclipseLogger - Using platform encoding (Cp1252 actually) to copy filtered resources, i.e. build is platform dependent!
2021-10-02 16:13:26,959 [Worker-23: Building] INFO  o.e.m.c.i.embedder.EclipseLogger - skip non existing resourceDirectory C:\Users\Abhinav Tiwari\OneDrive\Desktop\NewFlyAway\FlyawayAbhinav\src\test\resources
2021-10-02 16:14:06,882 [Worker-28: Building] WARN  o.e.m.c.i.embedder.EclipseLogger - Using platform encoding (Cp1252 actually) to copy filtered resources, i.e. build is platform dependent!
2021-10-02 16:14:06,889 [Worker-28: Building] INFO  o.e.m.c.i.embedder.EclipseLogger - skip non existing resourceDirectory C:\Users\Abhinav Tiwari\OneDrive\Desktop\NewFlyAway\FlyawayAbhinav\src\main\resources
2021-10-02 16:14:06,890 [Worker-28: Building] WARN  o.e.m.c.i.embedder.EclipseLogger - Using platform encoding (Cp1252 actually) to copy filtered resources, i.e. build is platform dependent!
2021-10-02 16:14:06,897 [Worker-28: Building] INFO  o.e.m.c.i.embedder.EclipseLogger - skip non existing resourceDirectory C:\Users\Abhinav Tiwari\OneDrive\Desktop\NewFlyAway\FlyawayAbhinav\src\test\resources
2021-10-02 16:15:52,934 [Worker-29: Building] WARN  o.e.m.c.i.embedder.EclipseLogger - Using platform encoding (Cp1252 actually) to copy filtered resources, i.e. build is platform dependent!
2021-10-02 16:15:52,976 [Worker-29: Building] INFO  o.e.m.c.i.embedder.EclipseLogger - skip non existing resourceDirectory C:\Users\Abhinav Tiwari\OneDrive\Desktop\NewFlyAway\FlyawayAbhinav\src\main\resources
2021-10-02 16:15:53,034 [Worker-29: Building] WARN  o.e.m.c.i.embedder.EclipseLogger - Using platform encoding (Cp1252 actually) to copy filtered resources, i.e. build is platform dependent!
2021-10-02 16:15:53,081 [Worker-29: Building] INFO  o.e.m.c.i.embedder.EclipseLogger - skip non existing resourceDirectory C:\Users\Abhinav Tiwari\OneDrive\Desktop\NewFlyAway\FlyawayAbhinav\src\test\resources
2021-10-02 16:16:20,689 [Worker-29: Building] WARN  o.e.m.c.i.embedder.EclipseLogger - Using platform encoding (Cp1252 actually) to copy filtered resources, i.e. build is platform dependent!
2021-10-02 16:16:20,702 [Worker-29: Building] INFO  o.e.m.c.i.embedder.EclipseLogger - skip non existing resourceDirectory C:\Users\Abhinav Tiwari\OneDrive\Desktop\NewFlyAway\FlyawayAbhinav\src\main\resources
2021-10-02 16:16:20,703 [Worker-29: Building] WARN  o.e.m.c.i.embedder.EclipseLogger - Using platform encoding (Cp1252 actually) to copy filtered resources, i.e. build is platform dependent!
2021-10-02 16:16:20,716 [Worker-29: Building] INFO  o.e.m.c.i.embedder.EclipseLogger - skip non existing resourceDirectory C:\Users\Abhinav Tiwari\OneDrive\Desktop\NewFlyAway\FlyawayAbhinav\src\test\resources
2021-10-02 16:16:46,043 [Worker-27: Building] WARN  o.e.m.c.i.embedder.EclipseLogger - Using platform encoding (Cp1252 actually) to copy filtered resources, i.e. build is platform dependent!
2021-10-02 16:16:46,065 [Worker-27: Building] INFO  o.e.m.c.i.embedder.EclipseLogger - skip non existing resourceDirectory C:\Users\Abhinav Tiwari\OneDrive\Desktop\NewFlyAway\FlyawayAbhinav\src\main\resources
2021-10-02 16:16:46,067 [Worker-27: Building] WARN  o.e.m.c.i.embedder.EclipseLogger - Using platform encoding (Cp1252 actually) to copy filtered resources, i.e. build is platform dependent!
2021-10-02 16:16:46,155 [Worker-27: Building] INFO  o.e.m.c.i.embedder.EclipseLogger - skip non existing resourceDirectory C:\Users\Abhinav Tiwari\OneDrive\Desktop\NewFlyAway\FlyawayAbhinav\src\test\resources
2021-10-02 16:16:54,684 [Worker-27: Building] WARN  o.e.m.c.i.embedder.EclipseLogger - Using platform encoding (Cp1252 actually) to copy filtered resources, i.e. build is platform dependent!
2021-10-02 16:16:54,700 [Worker-27: Building] INFO  o.e.m.c.i.embedder.EclipseLogger - skip non existing resourceDirectory C:\Users\Abhinav Tiwari\OneDrive\Desktop\NewFlyAway\FlyawayAbhinav\src\main\resources
2021-10-02 16:16:54,702 [Worker-27: Building] WARN  o.e.m.c.i.embedder.EclipseLogger - Using platform encoding (Cp1252 actually) to copy filtered resources, i.e. build is platform dependent!
2021-10-02 16:16:54,746 [Worker-27: Building] INFO  o.e.m.c.i.embedder.EclipseLogger - skip non existing resourceDirectory C:\Users\Abhinav Tiwari\OneDrive\Desktop\NewFlyAway\FlyawayAbhinav\src\test\resources
2021-10-02 16:17:12,452 [Worker-23: Building] WARN  o.e.m.c.i.embedder.EclipseLogger - Using platform encoding (Cp1252 actually) to copy filtered resources, i.e. build is platform dependent!
2021-10-02 16:17:12,467 [Worker-23: Building] INFO  o.e.m.c.i.embedder.EclipseLogger - skip non existing resourceDirectory C:\Users\Abhinav Tiwari\OneDrive\Desktop\NewFlyAway\FlyawayAbhinav\src\main\resources
2021-10-02 16:17:12,468 [Worker-23: Building] WARN  o.e.m.c.i.embedder.EclipseLogger - Using platform encoding (Cp1252 actually) to copy filtered resources, i.e. build is platform dependent!
2021-10-02 16:17:12,485 [Worker-23: Building] INFO  o.e.m.c.i.embedder.EclipseLogger - skip non existing resourceDirectory C:\Users\Abhinav Tiwari\OneDrive\Desktop\NewFlyAway\FlyawayAbhinav\src\test\resources
2021-10-02 16:17:20,876 [Worker-29: Building] WARN  o.e.m.c.i.embedder.EclipseLogger - Using platform encoding (Cp1252 actually) to copy filtered resources, i.e. build is platform dependent!
2021-10-02 16:17:20,886 [Worker-29: Building] INFO  o.e.m.c.i.embedder.EclipseLogger - skip non existing resourceDirectory C:\Users\Abhinav Tiwari\OneDrive\Desktop\NewFlyAway\FlyawayAbhinav\src\main\resources
2021-10-02 16:17:20,888 [Worker-29: Building] WARN  o.e.m.c.i.embedder.EclipseLogger - Using platform encoding (Cp1252 actually) to copy filtered resources, i.e. build is platform dependent!
2021-10-02 16:17:20,898 [Worker-29: Building] INFO  o.e.m.c.i.embedder.EclipseLogger - skip non existing resourceDirectory C:\Users\Abhinav Tiwari\OneDrive\Desktop\NewFlyAway\FlyawayAbhinav\src\test\resources
2021-10-02 16:17:37,662 [Worker-27: Building] WARN  o.e.m.c.i.embedder.EclipseLogger - Using platform encoding (Cp1252 actually) to copy filtered resources, i.e. build is platform dependent!
2021-10-02 16:17:37,678 [Worker-27: Building] INFO  o.e.m.c.i.embedder.EclipseLogger - skip non existing resourceDirectory C:\Users\Abhinav Tiwari\OneDrive\Desktop\NewFlyAway\FlyawayAbhinav\src\main\resources
2021-10-02 16:17:37,680 [Worker-27: Building] WARN  o.e.m.c.i.embedder.EclipseLogger - Using platform encoding (Cp1252 actually) to copy filtered resources, i.e. build is platform dependent!
2021-10-02 16:17:37,695 [Worker-27: Building] INFO  o.e.m.c.i.embedder.EclipseLogger - skip non existing resourceDirectory C:\Users\Abhinav Tiwari\OneDrive\Desktop\NewFlyAway\FlyawayAbhinav\src\test\resources
2021-10-02 16:17:51,224 [Worker-23: Building] WARN  o.e.m.c.i.embedder.EclipseLogger - Using platform encoding (Cp1252 actually) to copy filtered resources, i.e. build is platform dependent!
2021-10-02 16:17:51,240 [Worker-23: Building] INFO  o.e.m.c.i.embedder.EclipseLogger - skip non existing resourceDirectory C:\Users\Abhinav Tiwari\OneDrive\Desktop\NewFlyAway\FlyawayAbhinav\src\main\resources
2021-10-02 16:17:51,241 [Worker-23: Building] WARN  o.e.m.c.i.embedder.EclipseLogger - Using platform encoding (Cp1252 actually) to copy filtered resources, i.e. build is platform dependent!
2021-10-02 16:17:51,257 [Worker-23: Building] INFO  o.e.m.c.i.embedder.EclipseLogger - skip non existing resourceDirectory C:\Users\Abhinav Tiwari\OneDrive\Desktop\NewFlyAway\FlyawayAbhinav\src\test\resources
2021-10-02 16:18:13,622 [Worker-30: Building] WARN  o.e.m.c.i.embedder.EclipseLogger - Using platform encoding (Cp1252 actually) to copy filtered resources, i.e. build is platform dependent!
2021-10-02 16:18:13,655 [Worker-30: Building] INFO  o.e.m.c.i.embedder.EclipseLogger - skip non existing resourceDirectory C:\Users\Abhinav Tiwari\OneDrive\Desktop\NewFlyAway\FlyawayAbhinav\src\main\resources
2021-10-02 16:18:13,657 [Worker-30: Building] WARN  o.e.m.c.i.embedder.EclipseLogger - Using platform encoding (Cp1252 actually) to copy filtered resources, i.e. build is platform dependent!
2021-10-02 16:18:13,680 [Worker-30: Building] INFO  o.e.m.c.i.embedder.EclipseLogger - skip non existing resourceDirectory C:\Users\Abhinav Tiwari\OneDrive\Desktop\NewFlyAway\FlyawayAbhinav\src\test\resources
2021-10-02 16:18:24,491 [Worker-29: Building] WARN  o.e.m.c.i.embedder.EclipseLogger - Using platform encoding (Cp1252 actually) to copy filtered resources, i.e. build is platform dependent!
2021-10-02 16:18:24,502 [Worker-29: Building] INFO  o.e.m.c.i.embedder.EclipseLogger - skip non existing resourceDirectory C:\Users\Abhinav Tiwari\OneDrive\Desktop\NewFlyAway\FlyawayAbhinav\src\main\resources
2021-10-02 16:18:24,504 [Worker-29: Building] WARN  o.e.m.c.i.embedder.EclipseLogger - Using platform encoding (Cp1252 actually) to copy filtered resources, i.e. build is platform dependent!
2021-10-02 16:18:24,514 [Worker-29: Building] INFO  o.e.m.c.i.embedder.EclipseLogger - skip non existing resourceDirectory C:\Users\Abhinav Tiwari\OneDrive\Desktop\NewFlyAway\FlyawayAbhinav\src\test\resources
2021-10-02 16:19:04,982 [Worker-29: Building] WARN  o.e.m.c.i.embedder.EclipseLogger - Using platform encoding (Cp1252 actually) to copy filtered resources, i.e. build is platform dependent!
2021-10-02 16:19:04,995 [Worker-29: Building] INFO  o.e.m.c.i.embedder.EclipseLogger - skip non existing resourceDirectory C:\Users\Abhinav Tiwari\OneDrive\Desktop\NewFlyAway\FlyawayAbhinav\src\main\resources
2021-10-02 16:19:04,997 [Worker-29: Building] WARN  o.e.m.c.i.embedder.EclipseLogger - Using platform encoding (Cp1252 actually) to copy filtered resources, i.e. build is platform dependent!
2021-10-02 16:19:05,009 [Worker-29: Building] INFO  o.e.m.c.i.embedder.EclipseLogger - skip non existing resourceDirectory C:\Users\Abhinav Tiwari\OneDrive\Desktop\NewFlyAway\FlyawayAbhinav\src\test\resources
2021-10-02 16:20:02,211 [Worker-29: Building] WARN  o.e.m.c.i.embedder.EclipseLogger - Using platform encoding (Cp1252 actually) to copy filtered resources, i.e. build is platform dependent!
2021-10-02 16:20:02,270 [Worker-29: Building] INFO  o.e.m.c.i.embedder.EclipseLogger - skip non existing resourceDirectory C:\Users\Abhinav Tiwari\OneDrive\Desktop\NewFlyAway\FlyawayAbhinav\src\main\resources
2021-10-02 16:20:02,271 [Worker-29: Building] WARN  o.e.m.c.i.embedder.EclipseLogger - Using platform encoding (Cp1252 actually) to copy filtered resources, i.e. build is platform dependent!
2021-10-02 16:20:02,284 [Worker-29: Building] INFO  o.e.m.c.i.embedder.EclipseLogger - skip non existing resourceDirectory C:\Users\Abhinav Tiwari\OneDrive\Desktop\NewFlyAway\FlyawayAbhinav\src\test\resources
2021-10-02 16:20:23,313 [Worker-23: Building] WARN  o.e.m.c.i.embedder.EclipseLogger - Using platform encoding (Cp1252 actually) to copy filtered resources, i.e. build is platform dependent!
2021-10-02 16:20:23,323 [Worker-23: Building] INFO  o.e.m.c.i.embedder.EclipseLogger - skip non existing resourceDirectory C:\Users\Abhinav Tiwari\OneDrive\Desktop\NewFlyAway\FlyawayAbhinav\src\main\resources
2021-10-02 16:20:23,324 [Worker-23: Building] WARN  o.e.m.c.i.embedder.EclipseLogger - Using platform encoding (Cp1252 actually) to copy filtered resources, i.e. build is platform dependent!
2021-10-02 16:20:23,336 [Worker-23: Building] INFO  o.e.m.c.i.embedder.EclipseLogger - skip non existing resourceDirectory C:\Users\Abhinav Tiwari\OneDrive\Desktop\NewFlyAway\FlyawayAbhinav\src\test\resources
2021-10-02 16:22:20,565 [Worker-23: Building] WARN  o.e.m.c.i.embedder.EclipseLogger - Using platform encoding (Cp1252 actually) to copy filtered resources, i.e. build is platform dependent!
2021-10-02 16:22:20,576 [Worker-23: Building] INFO  o.e.m.c.i.embedder.EclipseLogger - skip non existing resourceDirectory C:\Users\Abhinav Tiwari\OneDrive\Desktop\NewFlyAway\FlyawayAbhinav\src\main\resources
2021-10-02 16:22:20,577 [Worker-23: Building] WARN  o.e.m.c.i.embedder.EclipseLogger - Using platform encoding (Cp1252 actually) to copy filtered resources, i.e. build is platform dependent!
2021-10-02 16:22:20,585 [Worker-23: Building] INFO  o.e.m.c.i.embedder.EclipseLogger - skip non existing resourceDirectory C:\Users\Abhinav Tiwari\OneDrive\Desktop\NewFlyAway\FlyawayAbhinav\src\test\resources
2021-10-02 16:22:27,983 [Worker-20: Building] WARN  o.e.m.c.i.embedder.EclipseLogger - Using platform encoding (Cp1252 actually) to copy filtered resources, i.e. build is platform dependent!
2021-10-02 16:22:27,994 [Worker-20: Building] INFO  o.e.m.c.i.embedder.EclipseLogger - skip non existing resourceDirectory C:\Users\Abhinav Tiwari\OneDrive\Desktop\NewFlyAway\FlyawayAbhinav\src\main\resources
2021-10-02 16:22:27,996 [Worker-20: Building] WARN  o.e.m.c.i.embedder.EclipseLogger - Using platform encoding (Cp1252 actually) to copy filtered resources, i.e. build is platform dependent!
2021-10-02 16:22:28,006 [Worker-20: Building] INFO  o.e.m.c.i.embedder.EclipseLogger - skip non existing resourceDirectory C:\Users\Abhinav Tiwari\OneDrive\Desktop\NewFlyAway\FlyawayAbhinav\src\test\resources
2021-10-02 16:22:57,339 [Worker-28: Building] WARN  o.e.m.c.i.embedder.EclipseLogger - Using platform encoding (Cp1252 actually) to copy filtered resources, i.e. build is platform dependent!
2021-10-02 16:22:57,347 [Worker-28: Building] INFO  o.e.m.c.i.embedder.EclipseLogger - skip non existing resourceDirectory C:\Users\Abhinav Tiwari\OneDrive\Desktop\NewFlyAway\FlyawayAbhinav\src\main\resources
2021-10-02 16:22:57,349 [Worker-28: Building] WARN  o.e.m.c.i.embedder.EclipseLogger - Using platform encoding (Cp1252 actually) to copy filtered resources, i.e. build is platform dependent!
2021-10-02 16:22:57,359 [Worker-28: Building] INFO  o.e.m.c.i.embedder.EclipseLogger - skip non existing resourceDirectory C:\Users\Abhinav Tiwari\OneDrive\Desktop\NewFlyAway\FlyawayAbhinav\src\test\resources
2021-10-02 16:23:09,422 [Worker-20: Building] WARN  o.e.m.c.i.embedder.EclipseLogger - Using platform encoding (Cp1252 actually) to copy filtered resources, i.e. build is platform dependent!
2021-10-02 16:23:09,443 [Worker-20: Building] INFO  o.e.m.c.i.embedder.EclipseLogger - skip non existing resourceDirectory C:\Users\Abhinav Tiwari\OneDrive\Desktop\NewFlyAway\FlyawayAbhinav\src\main\resources
2021-10-02 16:23:09,446 [Worker-20: Building] WARN  o.e.m.c.i.embedder.EclipseLogger - Using platform encoding (Cp1252 actually) to copy filtered resources, i.e. build is platform dependent!
2021-10-02 16:23:09,455 [Worker-20: Building] INFO  o.e.m.c.i.embedder.EclipseLogger - skip non existing resourceDirectory C:\Users\Abhinav Tiwari\OneDrive\Desktop\NewFlyAway\FlyawayAbhinav\src\test\resources
2021-10-02 16:23:22,138 [Worker-28: Building] WARN  o.e.m.c.i.embedder.EclipseLogger - Using platform encoding (Cp1252 actually) to copy filtered resources, i.e. build is platform dependent!
2021-10-02 16:23:22,151 [Worker-28: Building] INFO  o.e.m.c.i.embedder.EclipseLogger - skip non existing resourceDirectory C:\Users\Abhinav Tiwari\OneDrive\Desktop\NewFlyAway\FlyawayAbhinav\src\main\resources
2021-10-02 16:23:22,153 [Worker-28: Building] WARN  o.e.m.c.i.embedder.EclipseLogger - Using platform encoding (Cp1252 actually) to copy filtered resources, i.e. build is platform dependent!
2021-10-02 16:23:22,163 [Worker-28: Building] INFO  o.e.m.c.i.embedder.EclipseLogger - skip non existing resourceDirectory C:\Users\Abhinav Tiwari\OneDrive\Desktop\NewFlyAway\FlyawayAbhinav\src\test\resources
2021-10-02 16:23:42,308 [Worker-28: Building] WARN  o.e.m.c.i.embedder.EclipseLogger - Using platform encoding (Cp1252 actually) to copy filtered resources, i.e. build is platform dependent!
2021-10-02 16:23:42,318 [Worker-28: Building] INFO  o.e.m.c.i.embedder.EclipseLogger - skip non existing resourceDirectory C:\Users\Abhinav Tiwari\OneDrive\Desktop\NewFlyAway\FlyawayAbhinav\src\main\resources
2021-10-02 16:23:42,319 [Worker-28: Building] WARN  o.e.m.c.i.embedder.EclipseLogger - Using platform encoding (Cp1252 actually) to copy filtered resources, i.e. build is platform dependent!
2021-10-02 16:23:42,329 [Worker-28: Building] INFO  o.e.m.c.i.embedder.EclipseLogger - skip non existing resourceDirectory C:\Users\Abhinav Tiwari\OneDrive\Desktop\NewFlyAway\FlyawayAbhinav\src\test\resources
2021-10-02 16:24:48,810 [Worker-23: Building] WARN  o.e.m.c.i.embedder.EclipseLogger - Using platform encoding (Cp1252 actually) to copy filtered resources, i.e. build is platform dependent!
2021-10-02 16:24:48,821 [Worker-23: Building] INFO  o.e.m.c.i.embedder.EclipseLogger - skip non existing resourceDirectory C:\Users\Abhinav Tiwari\OneDrive\Desktop\NewFlyAway\FlyawayAbhinav\src\main\resources
2021-10-02 16:24:48,822 [Worker-23: Building] WARN  o.e.m.c.i.embedder.EclipseLogger - Using platform encoding (Cp1252 actually) to copy filtered resources, i.e. build is platform dependent!
2021-10-02 16:24:48,833 [Worker-23: Building] INFO  o.e.m.c.i.embedder.EclipseLogger - skip non existing resourceDirectory C:\Users\Abhinav Tiwari\OneDrive\Desktop\NewFlyAway\FlyawayAbhinav\src\test\resources
2021-10-02 16:27:49,763 [Worker-23: Building Workspace] INFO  o.e.m.c.i.l.LifecycleMappingFactory - Using org.maven.ide.eclipse.wtp.WarLifecycleMapping lifecycle mapping for MavenProject: com.abhinav:FlyawayAbhinav:0.0.1-SNAPSHOT @ C:\Users\Abhinav Tiwari\OneDrive\Desktop\NewFlyAway\FlyawayAbhinav\pom.xml.
2021-10-02 16:27:50,605 [Worker-23: Building Workspace] WARN  o.e.m.c.i.embedder.EclipseLogger - Using platform encoding (Cp1252 actually) to copy filtered resources, i.e. build is platform dependent!
2021-10-02 16:27:50,614 [Worker-23: Building Workspace] INFO  o.e.m.c.i.embedder.EclipseLogger - skip non existing resourceDirectory C:\Users\Abhinav Tiwari\OneDrive\Desktop\NewFlyAway\FlyawayAbhinav\src\main\resources
2021-10-02 16:27:50,615 [Worker-23: Building Workspace] WARN  o.e.m.c.i.embedder.EclipseLogger - Using platform encoding (Cp1252 actually) to copy filtered resources, i.e. build is platform dependent!
2021-10-02 16:27:50,624 [Worker-23: Building Workspace] INFO  o.e.m.c.i.embedder.EclipseLogger - skip non existing resourceDirectory C:\Users\Abhinav Tiwari\OneDrive\Desktop\NewFlyAway\FlyawayAbhinav\src\test\resources
2021-10-02 16:27:50,624 [Worker-23: Building Workspace] INFO  o.e.m.w.i.f.ResourceFilteringBuildParticipant - Changed resources require a complete clean of filtered resources of FlyawayAbhinav
2021-10-02 16:27:50,909 [Worker-23: Building Workspace] INFO  o.e.m.w.i.f.ResourceFilteringBuildParticipant - Executing resource filtering for FlyawayAbhinav
2021-10-02 16:27:52,830 [Worker-23: Building Workspace] WARN  o.e.m.c.i.embedder.EclipseLogger - Using platform encoding (Cp1252 actually) to copy filtered resources, i.e. build is platform dependent!
2021-10-02 16:28:04,649 [Worker-20: Building] WARN  o.e.m.c.i.embedder.EclipseLogger - Using platform encoding (Cp1252 actually) to copy filtered resources, i.e. build is platform dependent!
2021-10-02 16:28:04,660 [Worker-20: Building] INFO  o.e.m.c.i.embedder.EclipseLogger - skip non existing resourceDirectory C:\Users\Abhinav Tiwari\OneDrive\Desktop\NewFlyAway\FlyawayAbhinav\src\main\resources
2021-10-02 16:28:04,661 [Worker-20: Building] WARN  o.e.m.c.i.embedder.EclipseLogger - Using platform encoding (Cp1252 actually) to copy filtered resources, i.e. build is platform dependent!
2021-10-02 16:28:04,669 [Worker-20: Building] INFO  o.e.m.c.i.embedder.EclipseLogger - skip non existing resourceDirectory C:\Users\Abhinav Tiwari\OneDrive\Desktop\NewFlyAway\FlyawayAbhinav\src\test\resources
2021-10-02 16:28:09,902 [Worker-23: Building] WARN  o.e.m.c.i.embedder.EclipseLogger - Using platform encoding (Cp1252 actually) to copy filtered resources, i.e. build is platform dependent!
2021-10-02 16:28:09,909 [Worker-23: Building] INFO  o.e.m.c.i.embedder.EclipseLogger - skip non existing resourceDirectory C:\Users\Abhinav Tiwari\OneDrive\Desktop\NewFlyAway\FlyawayAbhinav\src\main\resources
2021-10-02 16:28:09,910 [Worker-23: Building] WARN  o.e.m.c.i.embedder.EclipseLogger - Using platform encoding (Cp1252 actually) to copy filtered resources, i.e. build is platform dependent!
2021-10-02 16:28:09,917 [Worker-23: Building] INFO  o.e.m.c.i.embedder.EclipseLogger - skip non existing resourceDirectory C:\Users\Abhinav Tiwari\OneDrive\Desktop\NewFlyAway\FlyawayAbhinav\src\test\resources
2021-10-02 16:39:22,274 [Worker-3: Loading available Gradle versions] INFO  o.e.b.c.i.u.g.PublishedGradleVersions - Gradle version information cache is up-to-date. Trying to read.
2021-10-02 16:39:38,184 [Worker-8: reload maven project] INFO  o.e.m.c.i.e.AbstractTransferListenerAdapter - Downloading https://repo.maven.apache.org/maven2/javax/servlet/javax.servlet-api/3.0.1/javax.servlet-api-3.0.1.pom
2021-10-02 16:39:39,416 [Worker-8: reload maven project] INFO  o.e.m.c.i.e.AbstractTransferListenerAdapter - Downloaded https://repo.maven.apache.org/maven2/javax/servlet/javax.servlet-api/3.0.1/javax.servlet-api-3.0.1.pom
2021-10-02 16:39:40,970 [Worker-8: reload maven project] INFO  o.e.m.c.i.e.AbstractTransferListenerAdapter - Downloading https://repo.maven.apache.org/maven2/javax/servlet/javax.servlet-api/3.0.1/javax.servlet-api-3.0.1.jar
2021-10-02 16:39:42,736 [Worker-8: reload maven project] INFO  o.e.m.c.i.e.AbstractTransferListenerAdapter - Downloaded https://repo.maven.apache.org/maven2/javax/servlet/javax.servlet-api/3.0.1/javax.servlet-api-3.0.1.jar
